<?xml version="1.0" encoding="UTF-8"?>
<!-- Generated by org.testng.reporters.JUnitReportReporter -->
<testsuite hostname="User" failures="0" tests="1" name="QAClickAcademy.MobileAutomationTest" time="0.013" errors="0" timestamp="2021-04-13T08:30:30 IST" skipped="0">
  <testcase classname="QAClickAcademy.MobileAutomationTest" name="element" time="0.013"/>
  <system-out/>
</testsuite> <!-- QAClickAcademy.MobileAutomationTest -->
