<?xml version="1.0" encoding="UTF-8"?>
<!-- Generated by org.testng.reporters.JUnitReportReporter -->
<testsuite hostname="User" failures="0" tests="1" name="QAClickAcademy.MobileAutomationTest" time="0.002" errors="0" timestamp="2021-04-10T09:55:38 IST" skipped="0">
  <testcase classname="QAClickAcademy.MobileAutomationTest" name="MobileAutomation1" time="0.002"/>
  <system-out/>
</testsuite> <!-- QAClickAcademy.MobileAutomationTest -->
