<?xml version="1.0" encoding="UTF-8"?>
<!-- Generated by org.testng.reporters.JUnitReportReporter -->
<testsuite hostname="User" failures="0" tests="1" name="QAClickAcademy.MobileAutomation" time="0.009" errors="0" timestamp="2021-04-10T09:28:36 IST" skipped="0">
  <testcase classname="QAClickAcademy.MobileAutomation" name="MobileAutomation1" time="0.009"/>
  <system-out/>
</testsuite> <!-- QAClickAcademy.MobileAutomation -->
