<?xml version="1.0" encoding="UTF-8"?>
<!-- Generated by org.testng.reporters.JUnitReportReporter -->
<testsuite hostname="User" failures="0" tests="1" name="QAClickAcademy.restAPITest" time="0.001" errors="0" timestamp="10 Apr 2021 05:02:26 GMT" skipped="0">
  <testcase classname="QAClickAcademy.restAPITest" name="restAPI1" time="0.001"/>
</testsuite> <!-- QAClickAcademy.restAPITest -->
