<?xml version="1.0" encoding="UTF-8"?>
<!-- Generated by org.testng.reporters.JUnitReportReporter -->
<testsuite hostname="User" failures="0" tests="1" name="QAClickAcademy.MobileAutomationTest" time="0.000" errors="0" timestamp="10 Apr 2021 05:02:26 GMT" skipped="0">
  <testcase classname="QAClickAcademy.MobileAutomationTest" name="MobileAutomation1" time="0.000"/>
</testsuite> <!-- QAClickAcademy.MobileAutomationTest -->
